<?xml version="1.0" encoding="UTF-8"?>
<!-- Generated by org.testng.reporters.JUnitReportReporter -->
<testsuite name="src.test.java.sfdc.sfdclogin.sfdclogin" tests="4" time="23.076" ignored="0" failures="0" timestamp="10 Feb 2021 01:54:14 GMT" skipped="0" hostname="DESKTOP-F6PBVOS" errors="0">
  <testcase name="to_Check_Whether_Login_Happening_Or_Not" time="7.884" classname="src.test.java.sfdc.sfdclogin.sfdclogin"/>
  <testcase name="Remember_username_check" time="4.843" classname="src.test.java.sfdc.sfdclogin.sfdclogin"/>
  <testcase name="To_check_Error_For_Invalid_Login" time="3.980" classname="src.test.java.sfdc.sfdclogin.sfdclogin"/>
  <testcase name="forgot_password" time="6.369" classname="src.test.java.sfdc.sfdclogin.sfdclogin"/>
</testsuite> <!-- src.test.java.sfdc.sfdclogin.sfdclogin -->
